0 info it worked if it ends with ok
1 verbose cli [ 'node', '/usr/local/bin/npm', 'install', '-g', 'localtunnel' ]
2 info using npm@1.5.0-alpha-1
3 info using node@v0.10.28
4 verbose node symlink /usr/local/bin/node
5 verbose cache add [ 'localtunnel', null ]
6 verbose cache add spec="localtunnel" args=["localtunnel",null]
7 verbose parsed spec { raw: 'localtunnel',
7 verbose parsed spec   scope: null,
7 verbose parsed spec   name: 'localtunnel',
7 verbose parsed spec   rawSpec: '',
7 verbose parsed spec   spec: '*',
7 verbose parsed spec   type: 'range' }
8 verbose addNamed [ 'localtunnel', '*' ]
9 verbose addNamed [ null, '*' ]
10 silly lockFile 60ccae54-localtunnel localtunnel@*
11 verbose lock localtunnel@* /Users/caseypugh/.npm/60ccae54-localtunnel.lock
12 silly addNameRange { name: 'localtunnel', range: '*', hasData: false }
13 verbose mapToRegistry name localtunnel
14 verbose mapToRegistry uri https://registry.npmjs.org/localtunnel
15 verbose request where is /localtunnel
16 verbose request registry https://registry.npmjs.org/
17 verbose request id ff3e9827f79959d7
18 verbose request url raw /localtunnel
19 verbose request url resolving [ 'https://registry.npmjs.org/', './localtunnel' ]
20 verbose request url resolved https://registry.npmjs.org/localtunnel
21 verbose request where is https://registry.npmjs.org/localtunnel
22 verbose request no basic auth needed
23 info trying registry request attempt 1 at 15:56:06
24 http GET https://registry.npmjs.org/localtunnel
25 http 200 https://registry.npmjs.org/localtunnel
26 silly registry.get cb [ 200,
26 silly registry.get   { date: 'Thu, 31 Jul 2014 19:55:12 GMT',
26 silly registry.get     server: 'CouchDB/1.5.0 (Erlang OTP/R16B03)',
26 silly registry.get     etag: '"BV5FE7IH1JCYYTY496YZ6AZU0"',
26 silly registry.get     'content-type': 'application/json',
26 silly registry.get     'cache-control': 'max-age=300',
26 silly registry.get     'content-length': '19838',
26 silly registry.get     'accept-ranges': 'bytes',
26 silly registry.get     via: '1.1 varnish',
26 silly registry.get     age: '0',
26 silly registry.get     'x-served-by': 'cache-at51-ATL',
26 silly registry.get     'x-cache': 'MISS',
26 silly registry.get     'x-cache-hits': '0',
26 silly registry.get     'x-timer': 'S1406836511.847407,VS0,VE176',
26 silly registry.get     vary: 'Accept',
26 silly registry.get     'keep-alive': 'timeout=10, max=50',
26 silly registry.get     connection: 'Keep-Alive' } ]
27 silly addNameRange number 2 { name: 'localtunnel', range: '*', hasData: true }
28 silly addNameRange versions [ 'localtunnel',
28 silly addNameRange   [ '0.0.0',
28 silly addNameRange     '0.0.1',
28 silly addNameRange     '0.0.2',
28 silly addNameRange     '0.0.3',
28 silly addNameRange     '0.0.4',
28 silly addNameRange     '0.1.0',
28 silly addNameRange     '0.1.1',
28 silly addNameRange     '0.1.2',
28 silly addNameRange     '0.1.3',
28 silly addNameRange     '0.2.0',
28 silly addNameRange     '0.2.1',
28 silly addNameRange     '0.2.2',
28 silly addNameRange     '1.0.0',
28 silly addNameRange     '1.1.0',
28 silly addNameRange     '1.1.1',
28 silly addNameRange     '1.1.2',
28 silly addNameRange     '1.2.0',
28 silly addNameRange     '1.3.0' ] ]
29 verbose addNamed [ 'localtunnel', '1.3.0' ]
30 verbose addNamed [ '1.3.0', '1.3.0' ]
31 silly lockFile d49b597d-localtunnel-1-3-0 localtunnel@1.3.0
32 verbose lock localtunnel@1.3.0 /Users/caseypugh/.npm/d49b597d-localtunnel-1-3-0.lock
33 silly lockFile efa1da68-ocaltunnel-localtunnel-1-3-0-tgz https://registry.npmjs.org/localtunnel/-/localtunnel-1.3.0.tgz
34 verbose lock https://registry.npmjs.org/localtunnel/-/localtunnel-1.3.0.tgz /Users/caseypugh/.npm/efa1da68-ocaltunnel-localtunnel-1-3-0-tgz.lock
35 verbose addRemoteTarball [ 'https://registry.npmjs.org/localtunnel/-/localtunnel-1.3.0.tgz',
35 verbose addRemoteTarball   '2a4388e44874ffe09229173ebd277303c9399869' ]
36 info retry fetch attempt 1 at 15:56:07
37 verbose fetch to= /var/folders/h4/j8kt0gc965x8b0swqqlynrxw0000gn/T/npm-76187-IR8kv22V/registry.npmjs.org/localtunnel/-/localtunnel-1.3.0.tgz
38 http GET https://registry.npmjs.org/localtunnel/-/localtunnel-1.3.0.tgz
39 http 200 https://registry.npmjs.org/localtunnel/-/localtunnel-1.3.0.tgz
40 silly lockFile efa1da68-ocaltunnel-localtunnel-1-3-0-tgz https://registry.npmjs.org/localtunnel/-/localtunnel-1.3.0.tgz
41 silly lockFile efa1da68-ocaltunnel-localtunnel-1-3-0-tgz https://registry.npmjs.org/localtunnel/-/localtunnel-1.3.0.tgz
42 silly lockFile d49b597d-localtunnel-1-3-0 localtunnel@1.3.0
43 silly lockFile d49b597d-localtunnel-1-3-0 localtunnel@1.3.0
44 silly lockFile 60ccae54-localtunnel localtunnel@*
45 silly lockFile 60ccae54-localtunnel localtunnel@*
46 silly resolved [ { author: { name: 'Roman Shtylman', email: 'shtylman@gmail.com' },
46 silly resolved     name: 'localtunnel',
46 silly resolved     description: 'expose localhost to the world',
46 silly resolved     version: '1.3.0',
46 silly resolved     repository:
46 silly resolved      { type: 'git',
46 silly resolved        url: 'git://github.com/shtylman/localtunnel.git' },
46 silly resolved     dependencies: { request: '2.11.4', optimist: '0.3.4', debug: '0.7.4' },
46 silly resolved     devDependencies: { mocha: '~1.17.0' },
46 silly resolved     scripts: { test: 'mocha --ui qunit --reporter list --timeout 10000 -- test/index.js' },
46 silly resolved     bin: { lt: './bin/client' },
46 silly resolved     main: './client.js',
46 silly resolved     bugs: { url: 'https://github.com/shtylman/localtunnel/issues' },
46 silly resolved     homepage: 'https://github.com/shtylman/localtunnel',
46 silly resolved     _id: 'localtunnel@1.3.0',
46 silly resolved     dist:
46 silly resolved      { shasum: '2a4388e44874ffe09229173ebd277303c9399869',
46 silly resolved        tarball: 'http://registry.npmjs.org/localtunnel/-/localtunnel-1.3.0.tgz' },
46 silly resolved     _from: 'localtunnel@*',
46 silly resolved     _npmVersion: '1.4.6',
46 silly resolved     _npmUser: { name: 'shtylman', email: 'shtylman@gmail.com' },
46 silly resolved     maintainers: [ [Object] ],
46 silly resolved     directories: {},
46 silly resolved     _shasum: '2a4388e44874ffe09229173ebd277303c9399869',
46 silly resolved     _resolved: 'https://registry.npmjs.org/localtunnel/-/localtunnel-1.3.0.tgz' } ]
47 info install localtunnel@1.3.0 into /usr/local/lib
48 info installOne localtunnel@1.3.0
49 verbose lib/node_modules/localtunnel unbuild
50 verbose gentlyRm vacuuming /usr/local/lib/node_modules/localtunnel
51 verbose tar unpack /Users/caseypugh/.npm/localtunnel/1.3.0/package.tgz
52 silly lockFile 64ac3b3b-cal-lib-node-modules-localtunnel tar:///usr/local/lib/node_modules/localtunnel
53 verbose lock tar:///usr/local/lib/node_modules/localtunnel /Users/caseypugh/.npm/64ac3b3b-cal-lib-node-modules-localtunnel.lock
54 silly lockFile 7af7eb51-pm-localtunnel-1-3-0-package-tgz tar:///Users/caseypugh/.npm/localtunnel/1.3.0/package.tgz
55 verbose lock tar:///Users/caseypugh/.npm/localtunnel/1.3.0/package.tgz /Users/caseypugh/.npm/7af7eb51-pm-localtunnel-1-3-0-package-tgz.lock
56 verbose gentlyRm vacuuming /usr/local/lib/node_modules/localtunnel
57 silly gunzTarPerm modes [ '755', '644' ]
58 error Error: EACCES, mkdir '/usr/local/lib/node_modules/localtunnel'
58 error  { [Error: EACCES, mkdir '/usr/local/lib/node_modules/localtunnel']
58 error   errno: 3,
58 error   code: 'EACCES',
58 error   path: '/usr/local/lib/node_modules/localtunnel',
58 error   fstream_type: 'Directory',
58 error   fstream_path: '/usr/local/lib/node_modules/localtunnel',
58 error   fstream_class: 'DirWriter',
58 error   fstream_stack:
58 error    [ '/usr/local/lib/node_modules/npm/node_modules/fstream/lib/dir-writer.js:36:23',
58 error      '/usr/local/lib/node_modules/npm/node_modules/mkdirp/index.js:37:53',
58 error      'Object.oncomplete (fs.js:107:15)' ] }
59 error Please try running this command again as root/Administrator.
60 error System Darwin 13.3.0
61 error command "node" "/usr/local/bin/npm" "install" "-g" "localtunnel"
62 error cwd /Users/caseypugh/dev/doorbell
63 error node -v v0.10.28
64 error npm -v 1.5.0-alpha-1
65 error path /usr/local/lib/node_modules/localtunnel
66 error fstream_path /usr/local/lib/node_modules/localtunnel
67 error fstream_type Directory
68 error fstream_class DirWriter
69 error code EACCES
70 error errno 3
71 error stack Error: EACCES, mkdir '/usr/local/lib/node_modules/localtunnel'
72 error fstream_stack /usr/local/lib/node_modules/npm/node_modules/fstream/lib/dir-writer.js:36:23
72 error fstream_stack /usr/local/lib/node_modules/npm/node_modules/mkdirp/index.js:37:53
72 error fstream_stack Object.oncomplete (fs.js:107:15)
73 verbose exit [ 3, true ]
